▶️  ok ------------------------------------------------------------
✅ pass: ok
▶️  sample ------------------------------------------------------------
 beaca
 ddddb
 adadd
 eadcb
 eacaa
 aeadb
 daebd
 debcb
 bdcad
 eabca
✅ pass: sample
▶️  nums ------------------------------------------------------------
 10 5.5 3.0276503540974917
✅ pass: nums
▶️  gauss ------------------------------------------------------------
 10000 10.013090245127714 1.9708063718547493
✅ pass: gauss
▶️  bootmu ------------------------------------------------------------
 mu sd cliffs boot both
 -- -- ------ ---- ----
 10.0 1 True True True
 10.1 1 True True True
 10.2 1 True True True
 10.3 1 True True True
 10.4 1 True True True
 10.5 1 True False False
 10.6 1 True False False
 10.7 1 True False False
 10.8 1 True False False
 10.9 1 True False False
 11.0 1 False False False
✅ pass: bootmu
▶️  basic ------------------------------------------------------------
                truee True True
                false False False
                false False False
✅ pass: basic
▶️  pre ------------------------------------------------------------

eg3
         1 True True True
         1.05 True False True
         1.1 False False True
         1.15 False False True
         1.2 False False True
         1.25 False False True
         1.3 False False True
         1.35 False False True
         1.4 False False True
         1.45 False False True
✅ pass: pre
▶️  five ------------------------------------------------------------
rx5 1 ------   *------    |                    ['0.10', '0.20', '0.30', '0.30', '0.40']
rx3 1   ------    *---    |                    ['0.15', '0.25', '0.35', '0.35', '0.40']
rx1 2             --------*-----               ['0.34', '0.49', '0.51', '0.51', '0.60']
rx4 3                     |    ------    *-----['0.60', '0.70', '0.80', '0.80', '0.90']
rx2 3                     |    ------    *-----['0.60', '0.70', '0.80', '0.80', '0.90']
✅ pass: five
▶️  six ------------------------------------------------------------
rx1 1 -----------         *--------------------['99.00', '99.50', '100.00', '100.00', '101.00']
rx3 1 -----------         *--------------------['99.00', '99.50', '100.00', '100.00', '101.00']
rx4 1 -                   *                   -['99.00', '99.00', '100.00', '101.00', '101.00']
rx2 1 -                   *                   -['99.00', '99.00', '100.00', '101.00', '101.00']
✅ pass: six
▶️  tiles ------------------------------------------------------------
 rx1   -*-               |                    ['8.73', '9.46', '9.95', '10.45', '11.23']
 rx10   -*-               |                    ['8.72', '9.51', '9.99', '10.58', '11.34']
 rx6   -*-               |                    ['8.72', '9.45', '10.01', '10.52', '11.33']
 rx2   -*-               |                    ['8.84', '9.57', '10.08', '10.61', '11.41']
 rx3            -*-      |                    ['18.69', '19.45', '20.02', '20.52', '21.27']
 rx8                     |        --*-        ['38.65', '39.49', '40.03', '40.55', '41.28']
 rx5                     |*--                 ['28.83', '29.57', '30.06', '30.52', '31.31']
 rx4                     |*--                 ['28.63', '29.42', '29.98', '30.51', '31.24']
 rx7   -*-               |                    ['8.66', '9.51', '10.03', '10.52', '11.23']
 rx9                     |      --- *---      ['36.49', '38.60', '40.09', '41.73', '44.08']
✅ pass: tiles
▶️  sk ------------------------------------------------------------
 1 rx6   -*-               |                    ['8.67', '9.49', '9.98', '10.48', '11.26']
 1 rx1   -*-               |                    ['8.74', '9.44', '10.01', '10.53', '11.33']
 1 rx10   -*-               |                    ['8.71', '9.47', '10.05', '10.58', '11.32']
 1 rx2   -*-               |                    ['8.85', '9.60', '10.13', '10.62', '11.27']
 2 rx3            -*-      |                    ['18.78', '19.49', '20.02', '20.55', '21.24']
 3 rx7   -*-               |                    ['8.82', '9.50', '10.07', '10.54', '11.25']
 4 rx5                     |*-                  ['28.78', '29.51', '30.06', '30.61', '31.29']
 5 rx9                     |      ---* ---      ['36.30', '38.49', '40.01', '41.64', '43.97']
 6 rx4                     |*-                  ['28.69', '29.42', '29.92', '30.47', '31.18']
 7 rx8                     |        --*-        ['38.70', '39.49', '40.03', '40.57', '41.28']
✅ pass: sk
🔆 {'pass': 11, 'fail': 0, 'success': 100.0}